<?xml version="1.0" encoding="UTF-8"?>
<testng-results skipped="0" failed="0" ignored="0" total="1" passed="1">
  <reporter-output>
  </reporter-output>
  <suite name="Suite" duration-ms="3196" started-at="2021-06-27T07:52:28 UTC" finished-at="2021-06-27T07:52:32 UTC">
    <groups>
    </groups>
    <test name="Test" duration-ms="3196" started-at="2021-06-27T07:52:28 UTC" finished-at="2021-06-27T07:52:32 UTC">
      <class name="test.ProductSelection">
        <test-method status="PASS" signature="setup()[pri:0, instance:test.ProductSelection@7d70d1b1]" name="setup" is-config="true" duration-ms="2036" started-at="2021-06-27T07:52:28 UTC" finished-at="2021-06-27T07:52:30 UTC">
          <reporter-output>
          </reporter-output>
        </test-method> <!-- setup -->
        <test-method status="PASS" signature="testcase1()[pri:0, instance:test.ProductSelection@7d70d1b1]" name="testcase1" duration-ms="855" started-at="2021-06-27T07:52:30 UTC" finished-at="2021-06-27T07:52:31 UTC">
          <reporter-output>
          </reporter-output>
        </test-method> <!-- testcase1 -->
        <test-method status="PASS" signature="teardown()[pri:0, instance:test.ProductSelection@7d70d1b1]" name="teardown" is-config="true" duration-ms="263" started-at="2021-06-27T07:52:31 UTC" finished-at="2021-06-27T07:52:32 UTC">
          <reporter-output>
          </reporter-output>
        </test-method> <!-- teardown -->
      </class> <!-- test.ProductSelection -->
    </test> <!-- Test -->
  </suite> <!-- Suite -->
</testng-results>
